2019-01-19 23:13:19,867 MyCategory [WARN] this is a warn message
2019-01-19 23:13:19,868 MyCategory [ERROR] this is a error message
2019-01-19 23:13:19,869 MyCategory [INFO] this is a info message
2019-01-19 23:13:19,869 MyCategory [DEBUG] this is a debug message
2019-01-20 12:54:21,822 MyCategory [WARN] [testMylogger.cc:test:22]this is a warn message
2019-01-20 12:54:21,828 MyCategory [ERROR] this is a error message
2019-01-20 12:54:21,829 MyCategory [INFO] this is a info message
2019-01-20 12:54:21,829 MyCategory [DEBUG] this is a debug message
2019-01-20 12:55:32,238 MyCategory [WARN] [testMylogger.cc:test:22]this is a warn message
2019-01-20 12:55:32,238 MyCategory [ERROR] [testMylogger.cc:test:23]this is a error message
2019-01-20 12:55:32,238 MyCategory [INFO] [testMylogger.cc:test:24]this is a info message
2019-01-20 12:55:32,239 MyCategory [DEBUG] [testMylogger.cc:test:25]this is a debug message
2019-01-20 13:06:26,733 MyCategory [WARN] [testMylogger.cc:test:17]this is a warn message
2019-01-20 13:07:49,112 MyCategory [WARN] [testMylogger.cc:test:17]this is a warn message
2019-01-20 13:07:49,113 MyCategory [INFO] [testMylogger.cc:test:18]this is a info message
2019-01-20 13:07:49,113 MyCategory [ERROR] [testMylogger.cc:test:19]this is a error message
2019-01-20 13:07:49,113 MyCategory [DEBUG] [testMylogger.cc:test:20]this is a debug message
2019-01-20 16:40:40,190 MyCategory [WARN] [testMylogger.cc:test:17]this is a warn message 
2019-01-20 16:40:40,191 MyCategory [INFO] [testMylogger.cc:test:18]this is a info message
2019-01-20 16:40:40,192 MyCategory [ERROR] [testMylogger.cc:test:19]this is a error message
2019-01-20 16:40:40,192 MyCategory [DEBUG] [testMylogger.cc:test:20]this is a debug message
2019-01-20 16:41:18,052 MyCategory [WARN] [testMylogger.cc:test:17]this is a warn messagehello 
2019-01-20 16:41:18,053 MyCategory [INFO] [testMylogger.cc:test:18]this is a info message
2019-01-20 16:41:18,053 MyCategory [ERROR] [testMylogger.cc:test:19]this is a error message
2019-01-20 16:41:18,054 MyCategory [DEBUG] [testMylogger.cc:test:20]this is a debug message
2019-01-20 19:57:00,095 MyCategory [WARN] [testMylogger.cc:test:17]this is a warn messagehello 
2019-01-20 19:57:00,096 MyCategory [INFO] [testMylogger.cc:test:18]this is a info message
2019-01-20 19:57:00,097 MyCategory [ERROR] [testMylogger.cc:test:19]this is a error message
2019-01-20 19:57:00,097 MyCategory [DEBUG] [testMylogger.cc:test:20]this is a debug message
