This file contains any messages produced by compilers while
running configure, to aid debugging if configure makes a mistake.

It was created by log4cpp configure 1.1, which was
generated by GNU Autoconf 2.67.  Invocation command line was

  $ ./configure 

## --------- ##
## Platform. ##
## --------- ##

hostname = ubuntu
uname -m = x86_64
uname -r = 4.15.0-43-generic
uname -s = Linux
uname -v = #46-Ubuntu SMP Thu Dec 6 14:45:28 UTC 2018

/usr/bin/uname -p = unknown
/bin/uname -X     = unknown

/bin/arch              = unknown
/usr/bin/arch -k       = unknown
/usr/convex/getsysinfo = unknown
/usr/bin/hostinfo      = unknown
/bin/machine           = unknown
/usr/bin/oslevel       = unknown
/bin/universe          = unknown

PATH: /usr/local/sbin
PATH: /usr/local/bin
PATH: /usr/sbin
PATH: /usr/bin
PATH: /sbin
PATH: /bin
PATH: /usr/games
PATH: /usr/local/games
PATH: /snap/bin


## ----------- ##
## Core tests. ##
## ----------- ##

configure:2527: checking for a BSD-compatible install
configure:2595: result: /usr/bin/install -c
configure:2606: checking whether build environment is sane
configure:2656: result: yes
configure:2684: WARNING: `missing' script is too old or missing
configure:2797: checking for a thread-safe mkdir -p
configure:2836: result: /bin/mkdir -p
configure:2849: checking for gawk
configure:2879: result: no
configure:2849: checking for mawk
configure:2865: found /usr/bin/mawk
configure:2876: result: mawk
configure:2887: checking whether make sets $(MAKE)
configure:2909: result: yes
configure:3005: checking build system type
configure:3019: result: x86_64-unknown-linux-gnu
configure:3039: checking host system type
configure:3052: result: x86_64-unknown-linux-gnu
configure:3126: checking for style of include used by make
configure:3154: result: GNU
configure:3224: checking for gcc
configure:3240: found /usr/bin/gcc
configure:3251: result: gcc
configure:3480: checking for C compiler version
configure:3489: gcc --version >&5
gcc (Ubuntu 7.3.0-27ubuntu1~18.04) 7.3.0
Copyright (C) 2017 Free Software Foundation, Inc.
This is free software; see the source for copying conditions.  There is NO
warranty; not even for MERCHANTABILITY or FITNESS FOR A PARTICULAR PURPOSE.

configure:3500: $? = 0
configure:3489: gcc -v >&5
Using built-in specs.
COLLECT_GCC=gcc
COLLECT_LTO_WRAPPER=/usr/lib/gcc/x86_64-linux-gnu/7/lto-wrapper
OFFLOAD_TARGET_NAMES=nvptx-none
OFFLOAD_TARGET_DEFAULT=1
Target: x86_64-linux-gnu
Configured with: ../src/configure -v --with-pkgversion='Ubuntu 7.3.0-27ubuntu1~18.04' --with-bugurl=file:///usr/share/doc/gcc-7/README.Bugs --enable-languages=c,ada,c++,go,brig,d,fortran,objc,obj-c++ --prefix=/usr --with-gcc-major-version-only --program-suffix=-7 --program-prefix=x86_64-linux-gnu- --enable-shared --enable-linker-build-id --libexecdir=/usr/lib --without-included-gettext --enable-threads=posix --libdir=/usr/lib --enable-nls --with-sysroot=/ --enable-clocale=gnu --enable-libstdcxx-debug --enable-libstdcxx-time=yes --with-default-libstdcxx-abi=new --enable-gnu-unique-object --disable-vtable-verify --enable-libmpx --enable-plugin --enable-default-pie --with-system-zlib --with-target-system-zlib --enable-objc-gc=auto --enable-multiarch --disable-werror --with-arch-32=i686 --with-abi=m64 --with-multilib-list=m32,m64,mx32 --enable-multilib --with-tune=generic --enable-offload-targets=nvptx-none --without-cuda-driver --enable-checking=release --build=x86_64-linux-gnu --host=x86_64-linux-gnu --target=x86_64-linux-gnu
Thread model: posix
gcc version 7.3.0 (Ubuntu 7.3.0-27ubuntu1~18.04) 
configure:3500: $? = 0
configure:3489: gcc -V >&5
gcc: error: unrecognized command line option '-V'
gcc: fatal error: no input files
compilation terminated.
configure:3500: $? = 1
configure:3489: gcc -qversion >&5
gcc: error: unrecognized command line option '-qversion'; did you mean '--version'?
gcc: fatal error: no input files
compilation terminated.
configure:3500: $? = 1
configure:3520: checking whether the C compiler works
configure:3542: gcc    conftest.c  >&5
configure:3546: $? = 0
configure:3594: result: yes
configure:3597: checking for C compiler default output file name
configure:3599: result: a.out
configure:3605: checking for suffix of executables
configure:3612: gcc -o conftest    conftest.c  >&5
configure:3616: $? = 0
configure:3638: result: 
configure:3660: checking whether we are cross compiling
configure:3668: gcc -o conftest    conftest.c  >&5
configure:3672: $? = 0
configure:3679: ./conftest
configure:3683: $? = 0
configure:3698: result: no
configure:3703: checking for suffix of object files
configure:3725: gcc -c   conftest.c >&5
configure:3729: $? = 0
configure:3750: result: o
configure:3754: checking whether we are using the GNU C compiler
configure:3773: gcc -c   conftest.c >&5
configure:3773: $? = 0
configure:3782: result: yes
configure:3791: checking whether gcc accepts -g
configure:3811: gcc -c -g  conftest.c >&5
configure:3811: $? = 0
configure:3852: result: yes
configure:3869: checking for gcc option to accept ISO C89
configure:3933: gcc  -c -g -O2  conftest.c >&5
configure:3933: $? = 0
configure:3946: result: none needed
configure:3968: checking dependency style of gcc
configure:4078: result: gcc3
configure:4093: checking for a sed that does not truncate output
configure:4157: result: /bin/sed
configure:4175: checking for grep that handles long lines and -e
configure:4233: result: /bin/grep
configure:4238: checking for egrep
configure:4300: result: /bin/grep -E
configure:4305: checking for fgrep
configure:4367: result: /bin/grep -F
configure:4402: checking for ld used by gcc
configure:4469: result: /usr/bin/ld
configure:4476: checking if the linker (/usr/bin/ld) is GNU ld
configure:4491: result: yes
configure:4503: checking for BSD- or MS-compatible name lister (nm)
configure:4552: result: /usr/bin/nm -B
configure:4670: checking the name lister (/usr/bin/nm -B) interface
configure:4677: gcc -c -g -O2  conftest.c >&5
configure:4680: /usr/bin/nm -B "conftest.o"
configure:4683: output
0000000000000000 B some_variable
configure:4690: result: BSD nm
configure:4693: checking whether ln -s works
configure:4697: result: yes
configure:4705: checking the maximum length of command line arguments
configure:4825: result: 1572864
configure:4842: checking whether the shell understands some XSI constructs
configure:4852: result: yes
configure:4856: checking whether the shell understands "+="
configure:4862: result: yes
configure:4897: checking for /usr/bin/ld option to reload object files
configure:4904: result: -r
configure:4973: checking for objdump
configure:4989: found /usr/bin/objdump
configure:5000: result: objdump
configure:5032: checking how to recognize dependent libraries
configure:5228: result: pass_all
configure:5288: checking for ar
configure:5304: found /usr/bin/ar
configure:5315: result: ar
configure:5393: checking for strip
configure:5409: found /usr/bin/strip
configure:5420: result: strip
configure:5492: checking for ranlib
configure:5508: found /usr/bin/ranlib
configure:5519: result: ranlib
configure:5609: checking command to parse /usr/bin/nm -B output from gcc object
configure:5727: gcc -c -g -O2  conftest.c >&5
configure:5730: $? = 0
configure:5734: /usr/bin/nm -B conftest.o \| sed -n -e 's/^.*[	 ]\([ABCDGIRSTW][ABCDGIRSTW]*\)[	 ][	 ]*\([_A-Za-z][_A-Za-z0-9]*\)$/\1 \2 \2/p' \> conftest.nm
configure:5737: $? = 0
configure:5791: gcc -o conftest -g -O2   conftest.c conftstm.o >&5
configure:5794: $? = 0
configure:5832: result: ok
configure:5928: gcc -c -g -O2  conftest.c >&5
configure:5931: $? = 0
configure:6641: checking how to run the C preprocessor
configure:6672: gcc -E  conftest.c
configure:6672: $? = 0
configure:6686: gcc -E  conftest.c
conftest.c:11:10: fatal error: ac_nonexistent.h: No such file or directory
 #include <ac_nonexistent.h>
          ^~~~~~~~~~~~~~~~~~
compilation terminated.
configure:6686: $? = 1
configure: failed program was:
| /* confdefs.h */
| #define PACKAGE_NAME "log4cpp"
| #define PACKAGE_TARNAME "log4cpp"
| #define PACKAGE_VERSION "1.1"
| #define PACKAGE_STRING "log4cpp 1.1"
| #define PACKAGE_BUGREPORT ""
| #define PACKAGE_URL ""
| #define PACKAGE "log4cpp"
| #define VERSION "1.1"
| /* end confdefs.h.  */
| #include <ac_nonexistent.h>
configure:6711: result: gcc -E
configure:6731: gcc -E  conftest.c
configure:6731: $? = 0
configure:6745: gcc -E  conftest.c
conftest.c:11:10: fatal error: ac_nonexistent.h: No such file or directory
 #include <ac_nonexistent.h>
          ^~~~~~~~~~~~~~~~~~
compilation terminated.
configure:6745: $? = 1
configure: failed program was:
| /* confdefs.h */
| #define PACKAGE_NAME "log4cpp"
| #define PACKAGE_TARNAME "log4cpp"
| #define PACKAGE_VERSION "1.1"
| #define PACKAGE_STRING "log4cpp 1.1"
| #define PACKAGE_BUGREPORT ""
| #define PACKAGE_URL ""
| #define PACKAGE "log4cpp"
| #define VERSION "1.1"
| /* end confdefs.h.  */
| #include <ac_nonexistent.h>
configure:6774: checking for ANSI C header files
configure:6794: gcc -c -g -O2  conftest.c >&5
configure:6794: $? = 0
configure:6867: gcc -o conftest -g -O2   conftest.c  >&5
configure:6867: $? = 0
configure:6867: ./conftest
configure:6867: $? = 0
configure:6878: result: yes
configure:6891: checking for sys/types.h
configure:6891: gcc -c -g -O2  conftest.c >&5
configure:6891: $? = 0
configure:6891: result: yes
configure:6891: checking for sys/stat.h
configure:6891: gcc -c -g -O2  conftest.c >&5
configure:6891: $? = 0
configure:6891: result: yes
configure:6891: checking for stdlib.h
configure:6891: gcc -c -g -O2  conftest.c >&5
configure:6891: $? = 0
configure:6891: result: yes
configure:6891: checking for string.h
configure:6891: gcc -c -g -O2  conftest.c >&5
configure:6891: $? = 0
configure:6891: result: yes
configure:6891: checking for memory.h
configure:6891: gcc -c -g -O2  conftest.c >&5
configure:6891: $? = 0
configure:6891: result: yes
configure:6891: checking for strings.h
configure:6891: gcc -c -g -O2  conftest.c >&5
configure:6891: $? = 0
configure:6891: result: yes
configure:6891: checking for inttypes.h
configure:6891: gcc -c -g -O2  conftest.c >&5
configure:6891: $? = 0
configure:6891: result: yes
configure:6891: checking for stdint.h
configure:6891: gcc -c -g -O2  conftest.c >&5
configure:6891: $? = 0
configure:6891: result: yes
configure:6891: checking for unistd.h
configure:6891: gcc -c -g -O2  conftest.c >&5
configure:6891: $? = 0
configure:6891: result: yes
configure:6905: checking for dlfcn.h
configure:6905: gcc -c -g -O2  conftest.c >&5
configure:6905: $? = 0
configure:6905: result: yes
configure:7089: checking for objdir
configure:7104: result: .libs
configure:7396: checking if gcc supports -fno-rtti -fno-exceptions
configure:7414: gcc -c -g -O2  -fno-rtti -fno-exceptions conftest.c >&5
cc1: warning: command line option '-fno-rtti' is valid for C++/ObjC++ but not for C
configure:7418: $? = 0
configure:7431: result: no
configure:7451: checking for gcc option to produce PIC
configure:7723: result: -fPIC -DPIC
configure:7735: checking if gcc PIC flag -fPIC -DPIC works
configure:7753: gcc -c -g -O2  -fPIC -DPIC -DPIC conftest.c >&5
configure:7757: $? = 0
configure:7770: result: yes
configure:7794: checking if gcc static flag -static works
configure:7822: result: yes
configure:7837: checking if gcc supports -c -o file.o
configure:7858: gcc -c -g -O2  -o out/conftest2.o conftest.c >&5
configure:7862: $? = 0
configure:7884: result: yes
configure:7892: checking if gcc supports -c -o file.o
configure:7939: result: yes
configure:7972: checking whether the gcc linker (/usr/bin/ld -m elf_x86_64) supports shared libraries
configure:8963: result: yes
configure:9000: checking whether -lc should be explicitly linked in
configure:9005: gcc -c -g -O2  conftest.c >&5
configure:9008: $? = 0
configure:9023: gcc -shared conftest.o  -v -Wl,-soname -Wl,conftest -o conftest 2\>\&1 \| /bin/grep  -lc  \>/dev/null 2\>\&1
configure:9026: $? = 0
configure:9038: result: no
configure:9202: checking dynamic linker characteristics
configure:9635: gcc -o conftest -g -O2   -Wl,-rpath -Wl,/foo conftest.c  >&5
configure:9635: $? = 0
configure:9865: result: GNU/Linux ld.so
configure:9967: checking how to hardcode library paths into programs
configure:9992: result: immediate
configure:10512: checking whether stripping libraries is possible
configure:10517: result: yes
configure:10552: checking if libtool supports shared libraries
configure:10554: result: yes
configure:10557: checking whether to build shared libraries
configure:10578: result: yes
configure:10581: checking whether to build static libraries
configure:10585: result: yes
configure:10621: checking whether make sets $(MAKE)
configure:10643: result: yes
configure:10711: checking for g++
configure:10727: found /usr/bin/g++
configure:10738: result: g++
configure:10765: checking for C++ compiler version
configure:10774: g++ --version >&5
g++ (Ubuntu 7.3.0-27ubuntu1~18.04) 7.3.0
Copyright (C) 2017 Free Software Foundation, Inc.
This is free software; see the source for copying conditions.  There is NO
warranty; not even for MERCHANTABILITY or FITNESS FOR A PARTICULAR PURPOSE.

configure:10785: $? = 0
configure:10774: g++ -v >&5
Using built-in specs.
COLLECT_GCC=g++
COLLECT_LTO_WRAPPER=/usr/lib/gcc/x86_64-linux-gnu/7/lto-wrapper
OFFLOAD_TARGET_NAMES=nvptx-none
OFFLOAD_TARGET_DEFAULT=1
Target: x86_64-linux-gnu
Configured with: ../src/configure -v --with-pkgversion='Ubuntu 7.3.0-27ubuntu1~18.04' --with-bugurl=file:///usr/share/doc/gcc-7/README.Bugs --enable-languages=c,ada,c++,go,brig,d,fortran,objc,obj-c++ --prefix=/usr --with-gcc-major-version-only --program-suffix=-7 --program-prefix=x86_64-linux-gnu- --enable-shared --enable-linker-build-id --libexecdir=/usr/lib --without-included-gettext --enable-threads=posix --libdir=/usr/lib --enable-nls --with-sysroot=/ --enable-clocale=gnu --enable-libstdcxx-debug --enable-libstdcxx-time=yes --with-default-libstdcxx-abi=new --enable-gnu-unique-object --disable-vtable-verify --enable-libmpx --enable-plugin --enable-default-pie --with-system-zlib --with-target-system-zlib --enable-objc-gc=auto --enable-multiarch --disable-werror --with-arch-32=i686 --with-abi=m64 --with-multilib-list=m32,m64,mx32 --enable-multilib --with-tune=generic --enable-offload-targets=nvptx-none --without-cuda-driver --enable-checking=release --build=x86_64-linux-gnu --host=x86_64-linux-gnu --target=x86_64-linux-gnu
Thread model: posix
gcc version 7.3.0 (Ubuntu 7.3.0-27ubuntu1~18.04) 
configure:10785: $? = 0
configure:10774: g++ -V >&5
g++: error: unrecognized command line option '-V'
g++: fatal error: no input files
compilation terminated.
configure:10785: $? = 1
configure:10774: g++ -qversion >&5
g++: error: unrecognized command line option '-qversion'; did you mean '--version'?
g++: fatal error: no input files
compilation terminated.
configure:10785: $? = 1
configure:10789: checking whether we are using the GNU C++ compiler
configure:10808: g++ -c   conftest.cpp >&5
configure:10808: $? = 0
configure:10817: result: yes
configure:10826: checking whether g++ accepts -g
configure:10846: g++ -c -g  conftest.cpp >&5
configure:10846: $? = 0
configure:10887: result: yes
configure:10912: checking dependency style of g++
configure:11022: result: gcc3
configure:11150: checking for C++ compiler version
configure:11159: g++ --version >&5
g++ (Ubuntu 7.3.0-27ubuntu1~18.04) 7.3.0
Copyright (C) 2017 Free Software Foundation, Inc.
This is free software; see the source for copying conditions.  There is NO
warranty; not even for MERCHANTABILITY or FITNESS FOR A PARTICULAR PURPOSE.

configure:11170: $? = 0
configure:11159: g++ -v >&5
Using built-in specs.
COLLECT_GCC=g++
COLLECT_LTO_WRAPPER=/usr/lib/gcc/x86_64-linux-gnu/7/lto-wrapper
OFFLOAD_TARGET_NAMES=nvptx-none
OFFLOAD_TARGET_DEFAULT=1
Target: x86_64-linux-gnu
Configured with: ../src/configure -v --with-pkgversion='Ubuntu 7.3.0-27ubuntu1~18.04' --with-bugurl=file:///usr/share/doc/gcc-7/README.Bugs --enable-languages=c,ada,c++,go,brig,d,fortran,objc,obj-c++ --prefix=/usr --with-gcc-major-version-only --program-suffix=-7 --program-prefix=x86_64-linux-gnu- --enable-shared --enable-linker-build-id --libexecdir=/usr/lib --without-included-gettext --enable-threads=posix --libdir=/usr/lib --enable-nls --with-sysroot=/ --enable-clocale=gnu --enable-libstdcxx-debug --enable-libstdcxx-time=yes --with-default-libstdcxx-abi=new --enable-gnu-unique-object --disable-vtable-verify --enable-libmpx --enable-plugin --enable-default-pie --with-system-zlib --with-target-system-zlib --enable-objc-gc=auto --enable-multiarch --disable-werror --with-arch-32=i686 --with-abi=m64 --with-multilib-list=m32,m64,mx32 --enable-multilib --with-tune=generic --enable-offload-targets=nvptx-none --without-cuda-driver --enable-checking=release --build=x86_64-linux-gnu --host=x86_64-linux-gnu --target=x86_64-linux-gnu
Thread model: posix
gcc version 7.3.0 (Ubuntu 7.3.0-27ubuntu1~18.04) 
configure:11170: $? = 0
configure:11159: g++ -V >&5
g++: error: unrecognized command line option '-V'
g++: fatal error: no input files
compilation terminated.
configure:11170: $? = 1
configure:11159: g++ -qversion >&5
g++: error: unrecognized command line option '-qversion'; did you mean '--version'?
g++: fatal error: no input files
compilation terminated.
configure:11170: $? = 1
configure:11174: checking whether we are using the GNU C++ compiler
configure:11202: result: yes
configure:11211: checking whether g++ accepts -g
configure:11272: result: yes
configure:11297: checking dependency style of g++
configure:11407: result: gcc3
configure:11430: checking how to run the C++ preprocessor
configure:11457: g++ -E  conftest.cpp
configure:11457: $? = 0
configure:11471: g++ -E  conftest.cpp
conftest.cpp:23:10: fatal error: ac_nonexistent.h: No such file or directory
 #include <ac_nonexistent.h>
          ^~~~~~~~~~~~~~~~~~
compilation terminated.
configure:11471: $? = 1
configure: failed program was:
| /* confdefs.h */
| #define PACKAGE_NAME "log4cpp"
| #define PACKAGE_TARNAME "log4cpp"
| #define PACKAGE_VERSION "1.1"
| #define PACKAGE_STRING "log4cpp 1.1"
| #define PACKAGE_BUGREPORT ""
| #define PACKAGE_URL ""
| #define PACKAGE "log4cpp"
| #define VERSION "1.1"
| #define STDC_HEADERS 1
| #define HAVE_SYS_TYPES_H 1
| #define HAVE_SYS_STAT_H 1
| #define HAVE_STDLIB_H 1
| #define HAVE_STRING_H 1
| #define HAVE_MEMORY_H 1
| #define HAVE_STRINGS_H 1
| #define HAVE_INTTYPES_H 1
| #define HAVE_STDINT_H 1
| #define HAVE_UNISTD_H 1
| #define HAVE_DLFCN_H 1
| #define LT_OBJDIR ".libs/"
| /* end confdefs.h.  */
| #include <ac_nonexistent.h>
configure:11496: result: g++ -E
configure:11516: g++ -E  conftest.cpp
configure:11516: $? = 0
configure:11530: g++ -E  conftest.cpp
conftest.cpp:23:10: fatal error: ac_nonexistent.h: No such file or directory
 #include <ac_nonexistent.h>
          ^~~~~~~~~~~~~~~~~~
compilation terminated.
configure:11530: $? = 1
configure: failed program was:
| /* confdefs.h */
| #define PACKAGE_NAME "log4cpp"
| #define PACKAGE_TARNAME "log4cpp"
| #define PACKAGE_VERSION "1.1"
| #define PACKAGE_STRING "log4cpp 1.1"
| #define PACKAGE_BUGREPORT ""
| #define PACKAGE_URL ""
| #define PACKAGE "log4cpp"
| #define VERSION "1.1"
| #define STDC_HEADERS 1
| #define HAVE_SYS_TYPES_H 1
| #define HAVE_SYS_STAT_H 1
| #define HAVE_STDLIB_H 1
| #define HAVE_STRING_H 1
| #define HAVE_MEMORY_H 1
| #define HAVE_STRINGS_H 1
| #define HAVE_INTTYPES_H 1
| #define HAVE_STDINT_H 1
| #define HAVE_UNISTD_H 1
| #define HAVE_DLFCN_H 1
| #define LT_OBJDIR ".libs/"
| /* end confdefs.h.  */
| #include <ac_nonexistent.h>
configure:11698: checking for ld used by g++
configure:11765: result: /usr/bin/ld -m elf_x86_64
configure:11772: checking if the linker (/usr/bin/ld -m elf_x86_64) is GNU ld
configure:11787: result: yes
configure:11842: checking whether the g++ linker (/usr/bin/ld -m elf_x86_64) supports shared libraries
configure:12755: result: yes
configure:12783: g++ -c -g -O2  conftest.cpp >&5
configure:12786: $? = 0
configure:12968: checking for g++ option to produce PIC
configure:13285: result: -fPIC -DPIC
configure:13294: checking if g++ PIC flag -fPIC -DPIC works
configure:13312: g++ -c -g -O2  -fPIC -DPIC -DPIC conftest.cpp >&5
configure:13316: $? = 0
configure:13329: result: yes
configure:13350: checking if g++ static flag -static works
configure:13378: result: yes
configure:13390: checking if g++ supports -c -o file.o
configure:13411: g++ -c -g -O2  -o out/conftest2.o conftest.cpp >&5
configure:13415: $? = 0
configure:13437: result: yes
configure:13442: checking if g++ supports -c -o file.o
configure:13489: result: yes
configure:13519: checking whether the g++ linker (/usr/bin/ld -m elf_x86_64) supports shared libraries
configure:13548: result: yes
configure:13685: checking dynamic linker characteristics
configure:14066: g++ -o conftest -g -O2   -Wl,-rpath -Wl,/foo conftest.cpp  >&5
configure:14066: $? = 0
configure:14296: result: GNU/Linux ld.so
configure:14347: checking how to hardcode library paths into programs
configure:14372: result: immediate
configure:14422: checking how to run the C++ preprocessor
configure:14488: result: g++ -E
configure:14508: g++ -E  conftest.cpp
configure:14508: $? = 0
configure:14522: g++ -E  conftest.cpp
conftest.cpp:23:10: fatal error: ac_nonexistent.h: No such file or directory
 #include <ac_nonexistent.h>
          ^~~~~~~~~~~~~~~~~~
compilation terminated.
configure:14522: $? = 1
configure: failed program was:
| /* confdefs.h */
| #define PACKAGE_NAME "log4cpp"
| #define PACKAGE_TARNAME "log4cpp"
| #define PACKAGE_VERSION "1.1"
| #define PACKAGE_STRING "log4cpp 1.1"
| #define PACKAGE_BUGREPORT ""
| #define PACKAGE_URL ""
| #define PACKAGE "log4cpp"
| #define VERSION "1.1"
| #define STDC_HEADERS 1
| #define HAVE_SYS_TYPES_H 1
| #define HAVE_SYS_STAT_H 1
| #define HAVE_STDLIB_H 1
| #define HAVE_STRING_H 1
| #define HAVE_MEMORY_H 1
| #define HAVE_STRINGS_H 1
| #define HAVE_INTTYPES_H 1
| #define HAVE_STDINT_H 1
| #define HAVE_UNISTD_H 1
| #define HAVE_DLFCN_H 1
| #define LT_OBJDIR ".libs/"
| /* end confdefs.h.  */
| #include <ac_nonexistent.h>
configure:14561: checking for unistd.h
configure:14561: result: yes
configure:14573: checking io.h usability
configure:14573: gcc -c   conftest.c >&5
conftest.c:57:10: fatal error: io.h: No such file or directory
 #include <io.h>
          ^~~~~~
compilation terminated.
configure:14573: $? = 1
configure: failed program was:
| /* confdefs.h */
| #define PACKAGE_NAME "log4cpp"
| #define PACKAGE_TARNAME "log4cpp"
| #define PACKAGE_VERSION "1.1"
| #define PACKAGE_STRING "log4cpp 1.1"
| #define PACKAGE_BUGREPORT ""
| #define PACKAGE_URL ""
| #define PACKAGE "log4cpp"
| #define VERSION "1.1"
| #define STDC_HEADERS 1
| #define HAVE_SYS_TYPES_H 1
| #define HAVE_SYS_STAT_H 1
| #define HAVE_STDLIB_H 1
| #define HAVE_STRING_H 1
| #define HAVE_MEMORY_H 1
| #define HAVE_STRINGS_H 1
| #define HAVE_INTTYPES_H 1
| #define HAVE_STDINT_H 1
| #define HAVE_UNISTD_H 1
| #define HAVE_DLFCN_H 1
| #define LT_OBJDIR ".libs/"
| #define HAVE_UNISTD_H 1
| /* end confdefs.h.  */
| #include <stdio.h>
| #ifdef HAVE_SYS_TYPES_H
| # include <sys/types.h>
| #endif
| #ifdef HAVE_SYS_STAT_H
| # include <sys/stat.h>
| #endif
| #ifdef STDC_HEADERS
| # include <stdlib.h>
| # include <stddef.h>
| #else
| # ifdef HAVE_STDLIB_H
| #  include <stdlib.h>
| # endif
| #endif
| #ifdef HAVE_STRING_H
| # if !defined STDC_HEADERS && defined HAVE_MEMORY_H
| #  include <memory.h>
| # endif
| # include <string.h>
| #endif
| #ifdef HAVE_STRINGS_H
| # include <strings.h>
| #endif
| #ifdef HAVE_INTTYPES_H
| # include <inttypes.h>
| #endif
| #ifdef HAVE_STDINT_H
| # include <stdint.h>
| #endif
| #ifdef HAVE_UNISTD_H
| # include <unistd.h>
| #endif
| #include <io.h>
configure:14573: result: no
configure:14573: checking io.h presence
configure:14573: gcc -E  conftest.c
conftest.c:24:10: fatal error: io.h: No such file or directory
 #include <io.h>
          ^~~~~~
compilation terminated.
configure:14573: $? = 1
configure: failed program was:
| /* confdefs.h */
| #define PACKAGE_NAME "log4cpp"
| #define PACKAGE_TARNAME "log4cpp"
| #define PACKAGE_VERSION "1.1"
| #define PACKAGE_STRING "log4cpp 1.1"
| #define PACKAGE_BUGREPORT ""
| #define PACKAGE_URL ""
| #define PACKAGE "log4cpp"
| #define VERSION "1.1"
| #define STDC_HEADERS 1
| #define HAVE_SYS_TYPES_H 1
| #define HAVE_SYS_STAT_H 1
| #define HAVE_STDLIB_H 1
| #define HAVE_STRING_H 1
| #define HAVE_MEMORY_H 1
| #define HAVE_STRINGS_H 1
| #define HAVE_INTTYPES_H 1
| #define HAVE_STDINT_H 1
| #define HAVE_UNISTD_H 1
| #define HAVE_DLFCN_H 1
| #define LT_OBJDIR ".libs/"
| #define HAVE_UNISTD_H 1
| /* end confdefs.h.  */
| #include <io.h>
configure:14573: result: no
configure:14573: checking for io.h
configure:14573: result: no
configure:14586: checking for int64_t
configure:14602: gcc -c   conftest.c >&5
configure:14602: $? = 0
configure:14610: result: yes
configure:14621: checking for working snprintf
configure:14635: gcc -o conftest    conftest.c  >&5
conftest.c:24:0: warning: "HAVE_STDINT_H" redefined
 #define HAVE_STDINT_H /**/
 
conftest.c:18:0: note: this is the location of the previous definition
 #define HAVE_STDINT_H 1
 
conftest.c: In function 'main':
conftest.c:27:50: warning: implicit declaration of function 'exit' [-Wimplicit-function-declaration]
 int main () { int l = snprintf(NULL,0,"%d",100); exit (!((3 <= l) || (-1 == l))); }
                                                  ^~~~
conftest.c:27:50: warning: incompatible implicit declaration of built-in function 'exit'
conftest.c:27:50: note: include '<stdlib.h>' or provide a declaration of 'exit'
configure:14635: $? = 0
configure:14635: ./conftest
configure:14635: $? = 0
configure:14645: result: yes
configure:14657: checking for syslog
configure:14657: gcc -o conftest    conftest.c  >&5
conftest.c:24:0: warning: "HAVE_STDINT_H" redefined
 #define HAVE_STDINT_H /**/
 
conftest.c:18:0: note: this is the location of the previous definition
 #define HAVE_STDINT_H 1
 
configure:14657: $? = 0
configure:14657: result: yes
configure:14668: checking for gettimeofday
configure:14668: gcc -o conftest    conftest.c  >&5
conftest.c:24:0: warning: "HAVE_STDINT_H" redefined
 #define HAVE_STDINT_H /**/
 
conftest.c:18:0: note: this is the location of the previous definition
 #define HAVE_STDINT_H 1
 
configure:14668: $? = 0
configure:14668: result: yes
configure:14679: checking for ftime
configure:14679: gcc -o conftest    conftest.c  >&5
conftest.c:24:0: warning: "HAVE_STDINT_H" redefined
 #define HAVE_STDINT_H /**/
 
conftest.c:18:0: note: this is the location of the previous definition
 #define HAVE_STDINT_H 1
 
configure:14679: $? = 0
configure:14679: result: yes
configure:14690: checking for localtime_r
configure:14690: gcc -o conftest    conftest.c  >&5
conftest.c:24:0: warning: "HAVE_STDINT_H" redefined
 #define HAVE_STDINT_H /**/
 
conftest.c:18:0: note: this is the location of the previous definition
 #define HAVE_STDINT_H 1
 
configure:14690: $? = 0
configure:14690: result: yes
configure:14704: checking for socket in -lsocket
configure:14729: gcc -o conftest    conftest.c -lsocket   >&5
conftest.c:24:0: warning: "HAVE_STDINT_H" redefined
 #define HAVE_STDINT_H /**/
 
conftest.c:18:0: note: this is the location of the previous definition
 #define HAVE_STDINT_H 1
 
/usr/bin/ld: cannot find -lsocket
collect2: error: ld returned 1 exit status
configure:14729: $? = 1
configure: failed program was:
| /* confdefs.h */
| #define PACKAGE_NAME "log4cpp"
| #define PACKAGE_TARNAME "log4cpp"
| #define PACKAGE_VERSION "1.1"
| #define PACKAGE_STRING "log4cpp 1.1"
| #define PACKAGE_BUGREPORT ""
| #define PACKAGE_URL ""
| #define PACKAGE "log4cpp"
| #define VERSION "1.1"
| #define STDC_HEADERS 1
| #define HAVE_SYS_TYPES_H 1
| #define HAVE_SYS_STAT_H 1
| #define HAVE_STDLIB_H 1
| #define HAVE_STRING_H 1
| #define HAVE_MEMORY_H 1
| #define HAVE_STRINGS_H 1
| #define HAVE_INTTYPES_H 1
| #define HAVE_STDINT_H 1
| #define HAVE_UNISTD_H 1
| #define HAVE_DLFCN_H 1
| #define LT_OBJDIR ".libs/"
| #define HAVE_UNISTD_H 1
| #define HAVE_INT64_T /**/
| #define HAVE_STDINT_H /**/
| #define HAVE_SNPRINTF /**/
| #define HAVE_SYSLOG 1
| #define HAVE_GETTIMEOFDAY 1
| #define HAVE_FTIME 1
| #define HAVE_LOCALTIME_R 1
| /* end confdefs.h.  */
| 
| /* Override any GCC internal prototype to avoid an error.
|    Use char because int might match the return type of a GCC
|    builtin and then its argument prototype would still apply.  */
| #ifdef __cplusplus
| extern "C"
| #endif
| char socket ();
| int
| main ()
| {
| return socket ();
|   ;
|   return 0;
| }
configure:14738: result: no
configure:14744: checking for gethostbyname in -lnsl
configure:14769: gcc -o conftest    conftest.c -lnsl   >&5
conftest.c:24:0: warning: "HAVE_STDINT_H" redefined
 #define HAVE_STDINT_H /**/
 
conftest.c:18:0: note: this is the location of the previous definition
 #define HAVE_STDINT_H 1
 
configure:14769: $? = 0
configure:14778: result: yes
configure:14951: checking for the pthreads library -lpthreads
configure:14984: gcc -o conftest     conftest.c -lpthreads -lnsl  >&5
conftest.c:24:0: warning: "HAVE_STDINT_H" redefined
 #define HAVE_STDINT_H /**/
 
conftest.c:18:0: note: this is the location of the previous definition
 #define HAVE_STDINT_H 1
 
conftest.c: In function 'main':
conftest.c:36:22: warning: null argument where non-null required (argument 1) [-Wnonnull]
                      pthread_attr_init(0); pthread_cleanup_push(0, 0);
                      ^~~~~~~~~~~~~~~~~
conftest.c:37:22: warning: null argument where non-null required (argument 1) [-Wnonnull]
                      pthread_create(0,0,0,0); pthread_cleanup_pop(0);
                      ^~~~~~~~~~~~~~
conftest.c:37:22: warning: null argument where non-null required (argument 3) [-Wnonnull]
/usr/bin/ld: cannot find -lpthreads
collect2: error: ld returned 1 exit status
configure:14984: $? = 1
configure: failed program was:
| /* confdefs.h */
| #define PACKAGE_NAME "log4cpp"
| #define PACKAGE_TARNAME "log4cpp"
| #define PACKAGE_VERSION "1.1"
| #define PACKAGE_STRING "log4cpp 1.1"
| #define PACKAGE_BUGREPORT ""
| #define PACKAGE_URL ""
| #define PACKAGE "log4cpp"
| #define VERSION "1.1"
| #define STDC_HEADERS 1
| #define HAVE_SYS_TYPES_H 1
| #define HAVE_SYS_STAT_H 1
| #define HAVE_STDLIB_H 1
| #define HAVE_STRING_H 1
| #define HAVE_MEMORY_H 1
| #define HAVE_STRINGS_H 1
| #define HAVE_INTTYPES_H 1
| #define HAVE_STDINT_H 1
| #define HAVE_UNISTD_H 1
| #define HAVE_DLFCN_H 1
| #define LT_OBJDIR ".libs/"
| #define HAVE_UNISTD_H 1
| #define HAVE_INT64_T /**/
| #define HAVE_STDINT_H /**/
| #define HAVE_SNPRINTF /**/
| #define HAVE_SYSLOG 1
| #define HAVE_GETTIMEOFDAY 1
| #define HAVE_FTIME 1
| #define HAVE_LOCALTIME_R 1
| /* end confdefs.h.  */
| #include <pthread.h>
| int
| main ()
| {
| pthread_t th; pthread_join(th, 0);
|                      pthread_attr_init(0); pthread_cleanup_push(0, 0);
|                      pthread_create(0,0,0,0); pthread_cleanup_pop(0);
|   ;
|   return 0;
| }
configure:14993: result: no
configure:14896: checking whether pthreads work without any flags
configure:14984: gcc -o conftest     conftest.c  -lnsl  >&5
conftest.c:24:0: warning: "HAVE_STDINT_H" redefined
 #define HAVE_STDINT_H /**/
 
conftest.c:18:0: note: this is the location of the previous definition
 #define HAVE_STDINT_H 1
 
conftest.c: In function 'main':
conftest.c:36:22: warning: null argument where non-null required (argument 1) [-Wnonnull]
                      pthread_attr_init(0); pthread_cleanup_push(0, 0);
                      ^~~~~~~~~~~~~~~~~
conftest.c:37:22: warning: null argument where non-null required (argument 1) [-Wnonnull]
                      pthread_create(0,0,0,0); pthread_cleanup_pop(0);
                      ^~~~~~~~~~~~~~
conftest.c:37:22: warning: null argument where non-null required (argument 3) [-Wnonnull]
/tmp/cc5VZzgV.o: In function `main':
conftest.c:(.text+0x27): undefined reference to `pthread_join'
conftest.c:(.text+0x90): undefined reference to `__pthread_register_cancel'
conftest.c:(.text+0xa9): undefined reference to `pthread_create'
conftest.c:(.text+0xb5): undefined reference to `__pthread_unregister_cancel'
collect2: error: ld returned 1 exit status
configure:14984: $? = 1
configure: failed program was:
| /* confdefs.h */
| #define PACKAGE_NAME "log4cpp"
| #define PACKAGE_TARNAME "log4cpp"
| #define PACKAGE_VERSION "1.1"
| #define PACKAGE_STRING "log4cpp 1.1"
| #define PACKAGE_BUGREPORT ""
| #define PACKAGE_URL ""
| #define PACKAGE "log4cpp"
| #define VERSION "1.1"
| #define STDC_HEADERS 1
| #define HAVE_SYS_TYPES_H 1
| #define HAVE_SYS_STAT_H 1
| #define HAVE_STDLIB_H 1
| #define HAVE_STRING_H 1
| #define HAVE_MEMORY_H 1
| #define HAVE_STRINGS_H 1
| #define HAVE_INTTYPES_H 1
| #define HAVE_STDINT_H 1
| #define HAVE_UNISTD_H 1
| #define HAVE_DLFCN_H 1
| #define LT_OBJDIR ".libs/"
| #define HAVE_UNISTD_H 1
| #define HAVE_INT64_T /**/
| #define HAVE_STDINT_H /**/
| #define HAVE_SNPRINTF /**/
| #define HAVE_SYSLOG 1
| #define HAVE_GETTIMEOFDAY 1
| #define HAVE_FTIME 1
| #define HAVE_LOCALTIME_R 1
| /* end confdefs.h.  */
| #include <pthread.h>
| int
| main ()
| {
| pthread_t th; pthread_join(th, 0);
|                      pthread_attr_init(0); pthread_cleanup_push(0, 0);
|                      pthread_create(0,0,0,0); pthread_cleanup_pop(0);
|   ;
|   return 0;
| }
configure:14993: result: no
configure:14901: checking whether pthreads work with -Kthread
configure:14984: gcc -o conftest  -Kthread   conftest.c  -lnsl  >&5
gcc: error: unrecognized command line option '-Kthread'; did you mean '-pthread'?
configure:14984: $? = 1
configure: failed program was:
| /* confdefs.h */
| #define PACKAGE_NAME "log4cpp"
| #define PACKAGE_TARNAME "log4cpp"
| #define PACKAGE_VERSION "1.1"
| #define PACKAGE_STRING "log4cpp 1.1"
| #define PACKAGE_BUGREPORT ""
| #define PACKAGE_URL ""
| #define PACKAGE "log4cpp"
| #define VERSION "1.1"
| #define STDC_HEADERS 1
| #define HAVE_SYS_TYPES_H 1
| #define HAVE_SYS_STAT_H 1
| #define HAVE_STDLIB_H 1
| #define HAVE_STRING_H 1
| #define HAVE_MEMORY_H 1
| #define HAVE_STRINGS_H 1
| #define HAVE_INTTYPES_H 1
| #define HAVE_STDINT_H 1
| #define HAVE_UNISTD_H 1
| #define HAVE_DLFCN_H 1
| #define LT_OBJDIR ".libs/"
| #define HAVE_UNISTD_H 1
| #define HAVE_INT64_T /**/
| #define HAVE_STDINT_H /**/
| #define HAVE_SNPRINTF /**/
| #define HAVE_SYSLOG 1
| #define HAVE_GETTIMEOFDAY 1
| #define HAVE_FTIME 1
| #define HAVE_LOCALTIME_R 1
| /* end confdefs.h.  */
| #include <pthread.h>
| int
| main ()
| {
| pthread_t th; pthread_join(th, 0);
|                      pthread_attr_init(0); pthread_cleanup_push(0, 0);
|                      pthread_create(0,0,0,0); pthread_cleanup_pop(0);
|   ;
|   return 0;
| }
configure:14993: result: no
configure:14901: checking whether pthreads work with -kthread
configure:14984: gcc -o conftest  -kthread   conftest.c  -lnsl  >&5
gcc: error: unrecognized command line option '-kthread'; did you mean '-pthread'?
configure:14984: $? = 1
configure: failed program was:
| /* confdefs.h */
| #define PACKAGE_NAME "log4cpp"
| #define PACKAGE_TARNAME "log4cpp"
| #define PACKAGE_VERSION "1.1"
| #define PACKAGE_STRING "log4cpp 1.1"
| #define PACKAGE_BUGREPORT ""
| #define PACKAGE_URL ""
| #define PACKAGE "log4cpp"
| #define VERSION "1.1"
| #define STDC_HEADERS 1
| #define HAVE_SYS_TYPES_H 1
| #define HAVE_SYS_STAT_H 1
| #define HAVE_STDLIB_H 1
| #define HAVE_STRING_H 1
| #define HAVE_MEMORY_H 1
| #define HAVE_STRINGS_H 1
| #define HAVE_INTTYPES_H 1
| #define HAVE_STDINT_H 1
| #define HAVE_UNISTD_H 1
| #define HAVE_DLFCN_H 1
| #define LT_OBJDIR ".libs/"
| #define HAVE_UNISTD_H 1
| #define HAVE_INT64_T /**/
| #define HAVE_STDINT_H /**/
| #define HAVE_SNPRINTF /**/
| #define HAVE_SYSLOG 1
| #define HAVE_GETTIMEOFDAY 1
| #define HAVE_FTIME 1
| #define HAVE_LOCALTIME_R 1
| /* end confdefs.h.  */
| #include <pthread.h>
| int
| main ()
| {
| pthread_t th; pthread_join(th, 0);
|                      pthread_attr_init(0); pthread_cleanup_push(0, 0);
|                      pthread_create(0,0,0,0); pthread_cleanup_pop(0);
|   ;
|   return 0;
| }
configure:14993: result: no
configure:14951: checking for the pthreads library -llthread
configure:14984: gcc -o conftest     conftest.c -llthread -lnsl  >&5
conftest.c:24:0: warning: "HAVE_STDINT_H" redefined
 #define HAVE_STDINT_H /**/
 
conftest.c:18:0: note: this is the location of the previous definition
 #define HAVE_STDINT_H 1
 
conftest.c: In function 'main':
conftest.c:36:22: warning: null argument where non-null required (argument 1) [-Wnonnull]
                      pthread_attr_init(0); pthread_cleanup_push(0, 0);
                      ^~~~~~~~~~~~~~~~~
conftest.c:37:22: warning: null argument where non-null required (argument 1) [-Wnonnull]
                      pthread_create(0,0,0,0); pthread_cleanup_pop(0);
                      ^~~~~~~~~~~~~~
conftest.c:37:22: warning: null argument where non-null required (argument 3) [-Wnonnull]
/usr/bin/ld: cannot find -llthread
collect2: error: ld returned 1 exit status
configure:14984: $? = 1
configure: failed program was:
| /* confdefs.h */
| #define PACKAGE_NAME "log4cpp"
| #define PACKAGE_TARNAME "log4cpp"
| #define PACKAGE_VERSION "1.1"
| #define PACKAGE_STRING "log4cpp 1.1"
| #define PACKAGE_BUGREPORT ""
| #define PACKAGE_URL ""
| #define PACKAGE "log4cpp"
| #define VERSION "1.1"
| #define STDC_HEADERS 1
| #define HAVE_SYS_TYPES_H 1
| #define HAVE_SYS_STAT_H 1
| #define HAVE_STDLIB_H 1
| #define HAVE_STRING_H 1
| #define HAVE_MEMORY_H 1
| #define HAVE_STRINGS_H 1
| #define HAVE_INTTYPES_H 1
| #define HAVE_STDINT_H 1
| #define HAVE_UNISTD_H 1
| #define HAVE_DLFCN_H 1
| #define LT_OBJDIR ".libs/"
| #define HAVE_UNISTD_H 1
| #define HAVE_INT64_T /**/
| #define HAVE_STDINT_H /**/
| #define HAVE_SNPRINTF /**/
| #define HAVE_SYSLOG 1
| #define HAVE_GETTIMEOFDAY 1
| #define HAVE_FTIME 1
| #define HAVE_LOCALTIME_R 1
| /* end confdefs.h.  */
| #include <pthread.h>
| int
| main ()
| {
| pthread_t th; pthread_join(th, 0);
|                      pthread_attr_init(0); pthread_cleanup_push(0, 0);
|                      pthread_create(0,0,0,0); pthread_cleanup_pop(0);
|   ;
|   return 0;
| }
configure:14993: result: no
configure:14901: checking whether pthreads work with -pthread
configure:14984: gcc -o conftest  -pthread   conftest.c  -lnsl  >&5
conftest.c:24:0: warning: "HAVE_STDINT_H" redefined
 #define HAVE_STDINT_H /**/
 
conftest.c:18:0: note: this is the location of the previous definition
 #define HAVE_STDINT_H 1
 
conftest.c: In function 'main':
conftest.c:36:22: warning: null argument where non-null required (argument 1) [-Wnonnull]
                      pthread_attr_init(0); pthread_cleanup_push(0, 0);
                      ^~~~~~~~~~~~~~~~~
conftest.c:37:22: warning: null argument where non-null required (argument 1) [-Wnonnull]
                      pthread_create(0,0,0,0); pthread_cleanup_pop(0);
                      ^~~~~~~~~~~~~~
conftest.c:37:22: warning: null argument where non-null required (argument 3) [-Wnonnull]
configure:14984: $? = 0
configure:14993: result: yes
configure:15012: checking for joinable pthread attribute
configure:15027: gcc -o conftest  -pthread   conftest.c  -lnsl  >&5
conftest.c:24:0: warning: "HAVE_STDINT_H" redefined
 #define HAVE_STDINT_H /**/
 
conftest.c:18:0: note: this is the location of the previous definition
 #define HAVE_STDINT_H 1
 
configure:15027: $? = 0
configure:15033: result: PTHREAD_CREATE_JOINABLE
configure:15043: checking if more special flags are required for pthreads
configure:15057: result: no
configure:15160: checking whether the compiler implements namespaces
configure:15182: g++ -c -pthread   conftest.cpp >&5
conftest.cpp:24:0: warning: "HAVE_STDINT_H" redefined
 #define HAVE_STDINT_H /**/
 
conftest.cpp:18:0: note: this is the location of the previous definition
 #define HAVE_STDINT_H 1
 
configure:15182: $? = 0
configure:15196: result: yes
configure:15204: checking whether the compiler has stringstream
configure:15230: g++ -c -pthread   conftest.cpp >&5
conftest.cpp:24:0: warning: "HAVE_STDINT_H" redefined
 #define HAVE_STDINT_H /**/
 
conftest.cpp:18:0: note: this is the location of the previous definition
 #define HAVE_STDINT_H 1
 
configure:15230: $? = 0
configure:15244: result: yes
configure:15337: checking for doxygen
configure:15370: result: no
configure:15493: creating log4cpp-config.in
configure:15666: creating log4cpp.pc.in
configure:15848: creating ./config.status

## ---------------------- ##
## Running config.status. ##
## ---------------------- ##

This file was extended by log4cpp config.status 1.1, which was
generated by GNU Autoconf 2.67.  Invocation command line was

  CONFIG_FILES    = 
  CONFIG_HEADERS  = 
  CONFIG_LINKS    = 
  CONFIG_COMMANDS = 
  $ ./config.status 

on ubuntu

config.status:1193: creating Makefile
config.status:1193: creating log4cpp.spec
config.status:1193: creating log4cpp.pc
config.status:1193: creating log4cpp-config
config.status:1301: WARNING:  'log4cpp-config.in' seems to ignore the --datarootdir setting
config.status:1193: creating config/Makefile
config.status:1193: creating doc/Makefile
config.status:1193: creating doc/Doxyfile
config.status:1193: creating doc/html/Makefile
config.status:1193: creating src/Makefile
config.status:1193: creating include/Makefile
config.status:1193: creating include/log4cpp/Makefile
config.status:1193: creating include/log4cpp/threading/Makefile
config.status:1193: creating tests/Makefile
config.status:1193: creating msvc6/Makefile
config.status:1193: creating msvc6/log4cpp/Makefile
config.status:1193: creating msvc6/log4cppDLL/Makefile
config.status:1193: creating msvc6/testCategory/Makefile
config.status:1193: creating msvc6/testDLL/Makefile
config.status:1193: creating msvc6/testMain/Makefile
config.status:1193: creating msvc6/testNDC/Makefile
config.status:1193: creating msvc6/testNTEventLog/Makefile
config.status:1193: creating msvc6/testPattern/Makefile
config.status:1193: creating bcb5/Makefile
config.status:1193: creating bcb5/log4cpp/Makefile
config.status:1193: creating bcb5/testCategory/Makefile
config.status:1193: creating bcb5/testConfig/Makefile
config.status:1193: creating bcb5/testFixedContextCategory/Makefile
config.status:1193: creating bcb5/testmain/Makefile
config.status:1193: creating bcb5/testNDC/Makefile
config.status:1193: creating bcb5/testPattern/Makefile
config.status:1193: creating openvms/Makefile
config.status:1193: creating include/config.h
config.status:1421: executing depfiles commands
config.status:1421: executing libtool commands
configure:18378: result: creating include/log4cpp/config.h - prefix LOG4CPP for include/config.h defines

## ---------------- ##
## Cache variables. ##
## ---------------- ##

ac_cv_build=x86_64-unknown-linux-gnu
ac_cv_c_compiler_gnu=yes
ac_cv_c_int64_t=yes
ac_cv_cxx_compiler_gnu=yes
ac_cv_cxx_have_sstream=yes
ac_cv_cxx_namespaces=yes
ac_cv_env_CCC_set=
ac_cv_env_CCC_value=
ac_cv_env_CC_set=
ac_cv_env_CC_value=
ac_cv_env_CFLAGS_set=
ac_cv_env_CFLAGS_value=
ac_cv_env_CPPFLAGS_set=
ac_cv_env_CPPFLAGS_value=
ac_cv_env_CPP_set=
ac_cv_env_CPP_value=
ac_cv_env_CXXCPP_set=
ac_cv_env_CXXCPP_value=
ac_cv_env_CXXFLAGS_set=
ac_cv_env_CXXFLAGS_value=
ac_cv_env_CXX_set=
ac_cv_env_CXX_value=
ac_cv_env_LDFLAGS_set=
ac_cv_env_LDFLAGS_value=
ac_cv_env_LIBS_set=
ac_cv_env_LIBS_value=
ac_cv_env_build_alias_set=
ac_cv_env_build_alias_value=
ac_cv_env_host_alias_set=
ac_cv_env_host_alias_value=
ac_cv_env_target_alias_set=
ac_cv_env_target_alias_value=
ac_cv_func_ftime=yes
ac_cv_func_gettimeofday=yes
ac_cv_func_localtime_r=yes
ac_cv_func_snprintf=yes
ac_cv_func_syslog=yes
ac_cv_header_dlfcn_h=yes
ac_cv_header_inttypes_h=yes
ac_cv_header_io_h=no
ac_cv_header_memory_h=yes
ac_cv_header_stdc=yes
ac_cv_header_stdint_h=yes
ac_cv_header_stdlib_h=yes
ac_cv_header_string_h=yes
ac_cv_header_strings_h=yes
ac_cv_header_sys_stat_h=yes
ac_cv_header_sys_types_h=yes
ac_cv_header_unistd_h=yes
ac_cv_host=x86_64-unknown-linux-gnu
ac_cv_lib_nsl_gethostbyname=yes
ac_cv_lib_socket_socket=no
ac_cv_objext=o
ac_cv_path_EGREP='/bin/grep -E'
ac_cv_path_FGREP='/bin/grep -F'
ac_cv_path_GREP=/bin/grep
ac_cv_path_SED=/bin/sed
ac_cv_path_install='/usr/bin/install -c'
ac_cv_path_mkdir=/bin/mkdir
ac_cv_prog_AWK=mawk
ac_cv_prog_CPP='gcc -E'
ac_cv_prog_CXXCPP='g++ -E'
ac_cv_prog_ac_ct_AR=ar
ac_cv_prog_ac_ct_CC=gcc
ac_cv_prog_ac_ct_CXX=g++
ac_cv_prog_ac_ct_OBJDUMP=objdump
ac_cv_prog_ac_ct_RANLIB=ranlib
ac_cv_prog_ac_ct_STRIP=strip
ac_cv_prog_cc_c89=
ac_cv_prog_cc_g=yes
ac_cv_prog_cxx_g=yes
ac_cv_prog_make_make_set=yes
am_cv_CC_dependencies_compiler_type=gcc3
am_cv_CXX_dependencies_compiler_type=gcc3
lt_cv_deplibs_check_method=pass_all
lt_cv_file_magic_cmd='$MAGIC_CMD'
lt_cv_file_magic_test_file=
lt_cv_ld_reload_flag=-r
lt_cv_nm_interface='BSD nm'
lt_cv_objdir=.libs
lt_cv_path_LD=/usr/bin/ld
lt_cv_path_LDCXX='/usr/bin/ld -m elf_x86_64'
lt_cv_path_NM='/usr/bin/nm -B'
lt_cv_prog_compiler_c_o=yes
lt_cv_prog_compiler_c_o_CXX=yes
lt_cv_prog_compiler_pic_works=yes
lt_cv_prog_compiler_pic_works_CXX=yes
lt_cv_prog_compiler_rtti_exceptions=no
lt_cv_prog_compiler_static_works=yes
lt_cv_prog_compiler_static_works_CXX=yes
lt_cv_prog_gnu_ld=yes
lt_cv_prog_gnu_ldcxx=yes
lt_cv_sys_global_symbol_pipe='sed -n -e '\''s/^.*[	 ]\([ABCDGIRSTW][ABCDGIRSTW]*\)[	 ][	 ]*\([_A-Za-z][_A-Za-z0-9]*\)$/\1 \2 \2/p'\'''
lt_cv_sys_global_symbol_to_c_name_address='sed -n -e '\''s/^: \([^ ]*\) $/  {\"\1\", (void *) 0},/p'\'' -e '\''s/^[ABCDGIRSTW]* \([^ ]*\) \([^ ]*\)$/  {"\2", (void *) \&\2},/p'\'''
lt_cv_sys_global_symbol_to_c_name_address_lib_prefix='sed -n -e '\''s/^: \([^ ]*\) $/  {\"\1\", (void *) 0},/p'\'' -e '\''s/^[ABCDGIRSTW]* \([^ ]*\) \(lib[^ ]*\)$/  {"\2", (void *) \&\2},/p'\'' -e '\''s/^[ABCDGIRSTW]* \([^ ]*\) \([^ ]*\)$/  {"lib\2", (void *) \&\2},/p'\'''
lt_cv_sys_global_symbol_to_cdecl='sed -n -e '\''s/^T .* \(.*\)$/extern int \1();/p'\'' -e '\''s/^[ABCDGIRSTW]* .* \(.*\)$/extern char \1;/p'\'''
lt_cv_sys_max_cmd_len=1572864

## ----------------- ##
## Output variables. ##
## ----------------- ##

ACLOCAL='aclocal-1.11'
AMDEPBACKSLASH='\'
AMDEP_FALSE='#'
AMDEP_TRUE=''
AMTAR='tar'
AR='ar'
AUTOCONF='autoconf'
AUTOHEADER='autoheader'
AUTOMAKE='automake-1.11'
AWK='mawk'
CC='gcc'
CCDEPMODE='depmode=gcc3'
CFLAGS='-pthread  -Wall -Wno-unused -pedantic'
CPP='gcc -E'
CPPFLAGS=''
CXX='g++'
CXXCPP='g++ -E'
CXXDEPMODE='depmode=gcc3'
CXXFLAGS='-pthread  -Wall -Wno-unused -pedantic'
CYGPATH_W='echo'
DEFS='-DHAVE_CONFIG_H'
DEPDIR='.deps'
DOC_FALSE=''
DOC_TRUE='#'
DOT=''
DOXYGEN=''
DSYMUTIL=''
DUMPBIN=''
ECHO_C=''
ECHO_N='-n'
ECHO_T=''
EGREP='/bin/grep -E'
EXEEXT=''
FGREP='/bin/grep -F'
GREP='/bin/grep'
INSTALL_DATA='${INSTALL} -m 644'
INSTALL_PROGRAM='${INSTALL}'
INSTALL_SCRIPT='${INSTALL}'
INSTALL_STRIP_PROGRAM='$(install_sh) -c -s'
LD='/usr/bin/ld -m elf_x86_64'
LDFLAGS=''
LIBOBJS=''
LIBS=' -lnsl '
LIBTOOL='$(SHELL) $(top_builddir)/libtool'
LIPO=''
LN_S='ln -s'
LOG4CPP_CONFIG='log4cpp-config'
LOG4CPP_CONFLICTS=''
LOG4CPP_PKGCONFIG='log4cpp-config'
LOG4CPP_REQUIRES=''
LOG4CPP_VERSION='1.1'
LTLIBOBJS=''
LT_VERSION='5:6:0'
MAKEINFO='makeinfo'
MKDIR_P='/bin/mkdir -p'
NM='/usr/bin/nm -B'
NMEDIT=''
OBJDUMP='objdump'
OBJEXT='o'
OTOOL64=''
OTOOL=''
PACKAGE='log4cpp'
PACKAGE_BUGREPORT=''
PACKAGE_NAME='log4cpp'
PACKAGE_STRING='log4cpp 1.1'
PACKAGE_TARNAME='log4cpp'
PACKAGE_URL=''
PACKAGE_VERSION='1.1'
PATH_SEPARATOR=':'
PTHREAD_CC='gcc'
PTHREAD_CFLAGS='-pthread'
PTHREAD_LIBS=''
RANLIB='ranlib'
SED='/bin/sed'
SET_MAKE=''
SHELL='/bin/bash'
STRIP='strip'
VERSION='1.1'
ac_ct_CC='gcc'
ac_ct_CXX='g++'
ac_ct_DUMPBIN=''
acx_pthread_config=''
am__EXEEXT_FALSE=''
am__EXEEXT_TRUE='#'
am__fastdepCC_FALSE='#'
am__fastdepCC_TRUE=''
am__fastdepCXX_FALSE='#'
am__fastdepCXX_TRUE=''
am__include='include'
am__isrc=''
am__leading_dot='.'
am__quote=''
am__tar='${AMTAR} chof - "$$tardir"'
am__untar='${AMTAR} xf -'
bindir='${exec_prefix}/bin'
build='x86_64-unknown-linux-gnu'
build_alias=''
build_cpu='x86_64'
build_os='linux-gnu'
build_vendor='unknown'
datadir='${datarootdir}'
datarootdir='${prefix}/share'
docdir='${datarootdir}/doc/${PACKAGE_TARNAME}'
dvidir='${docdir}'
enable_dot='no'
enable_html_docs='yes'
enable_latex_docs='no'
exec_prefix='${prefix}'
host='x86_64-unknown-linux-gnu'
host_alias=''
host_cpu='x86_64'
host_os='linux-gnu'
host_vendor='unknown'
htmldir='${docdir}'
includedir='${prefix}/include'
infodir='${datarootdir}/info'
install_sh='${SHELL} /home/yll/cpp/20190111/log4cpp/config/install-sh'
libdir='${exec_prefix}/lib'
libexecdir='${exec_prefix}/libexec'
localedir='${datarootdir}/locale'
localstatedir='${prefix}/var'
log4cpp_cflags='-pthread '
log4cpp_libs='-llog4cpp  -lnsl '
lt_ECHO='echo'
mandir='${datarootdir}/man'
mkdir_p='/bin/mkdir -p'
oldincludedir='/usr/include'
pdfdir='${docdir}'
prefix='/usr/local'
program_transform_name='s,x,x,'
psdir='${docdir}'
sbindir='${exec_prefix}/sbin'
sharedstatedir='${prefix}/com'
sysconfdir='${prefix}/etc'
target=''
target_alias=''

## ----------- ##
## confdefs.h. ##
## ----------- ##

/* confdefs.h */
#define PACKAGE_NAME "log4cpp"
#define PACKAGE_TARNAME "log4cpp"
#define PACKAGE_VERSION "1.1"
#define PACKAGE_STRING "log4cpp 1.1"
#define PACKAGE_BUGREPORT ""
#define PACKAGE_URL ""
#define PACKAGE "log4cpp"
#define VERSION "1.1"
#define STDC_HEADERS 1
#define HAVE_SYS_TYPES_H 1
#define HAVE_SYS_STAT_H 1
#define HAVE_STDLIB_H 1
#define HAVE_STRING_H 1
#define HAVE_MEMORY_H 1
#define HAVE_STRINGS_H 1
#define HAVE_INTTYPES_H 1
#define HAVE_STDINT_H 1
#define HAVE_UNISTD_H 1
#define HAVE_DLFCN_H 1
#define LT_OBJDIR ".libs/"
#define HAVE_UNISTD_H 1
#define HAVE_INT64_T /**/
#define HAVE_STDINT_H /**/
#define HAVE_SNPRINTF /**/
#define HAVE_SYSLOG 1
#define HAVE_GETTIMEOFDAY 1
#define HAVE_FTIME 1
#define HAVE_LOCALTIME_R 1
#define HAVE_PTHREAD 1
#define HAVE_THREADING 1
#define USE_PTHREADS 1
#define HAVE_NAMESPACES /**/
#define HAVE_SSTREAM /**/

configure: exit 0
